  ===  RUNNING ./cellnet (rmbad) at Mon Jul  8 16:09:13 EEST 2024 ===  
Mon Jul  8 16:09:14 2024       
+-----------------------------------------------------------------------------------------+
| NVIDIA-SMI 550.54.15              Driver Version: 550.54.15      CUDA Version: 12.4     |
|-----------------------------------------+------------------------+----------------------+
| GPU  Name                 Persistence-M | Bus-Id          Disp.A | Volatile Uncorr. ECC |
| Fan  Temp   Perf          Pwr:Usage/Cap |           Memory-Usage | GPU-Util  Compute M. |
|                                         |                        |               MIG M. |
|=========================================+========================+======================|
|   0  Tesla V100-PCIE-32GB           Off |   00000000:85:00.0 Off |                    0 |
| N/A   68C    P0             49W /  250W |       0MiB /  32768MiB |      1%      Default |
|                                         |                        |                  N/A |
+-----------------------------------------+------------------------+----------------------+
                                                                                         
+-----------------------------------------------------------------------------------------+
| Processes:                                                                              |
|  GPU   GI   CI        PID   Type   Process name                              GPU Memory |
|        ID   ID                                                               Usage      |
|=========================================================================================|
|  No running processes found                                                             |
+-----------------------------------------------------------------------------------------+
[jupytext] Reading ./results/./cellnet/240708-160908-rmbad-RUNNING/cellnet.py in format py
[jupytext] Setting kernel python3
[jupytext] Updating notebook metadata with '{"kernelspec": {"name": "python3", "language": "python", "display_name": "Python 3 (ipykernel)"}}'
[jupytext] Executing notebook with kernel python3
[jupytext] Writing ./results/./cellnet/240708-160908-rmbad-RUNNING/cellnet.ipynb

> Notebook execution time (hhmmss) 002503
