  ===  RUNNING  cellnet.py  ===  

0.02s - Debugger warning: It seems that frozen modules are being used, which may
0.00s - make the debugger miss breakpoints. Please pass -Xfrozen_modules=off
0.00s - to python to disable frozen modules.
0.00s - Note: Debugging will proceed. Set PYDEVD_DISABLE_FILE_VALIDATION=1 to disable this validation.
[1;31m2024-05-02 09:03:15.168949737 [E:onnxruntime:Default, env.cc:254 ThreadMain] pthread_setaffinity_np failed for thread: 47731, index: 1, mask: {2, 26, }, error code: 22 error msg: Invalid argument. Specify the number of threads explicitly so the affinity is not set.[m
[1;31m2024-05-02 09:03:15.168954493 [E:onnxruntime:Default, env.cc:254 ThreadMain] pthread_setaffinity_np failed for thread: 47733, index: 3, mask: {4, 28, }, error code: 22 error msg: Invalid argument. Specify the number of threads explicitly so the affinity is not set.[m
[1;31m2024-05-02 09:03:15.168944440 [E:onnxruntime:Default, env.cc:254 ThreadMain] pthread_setaffinity_np failed for thread: 47732, index: 2, mask: {3, 27, }, error code: 22 error msg: Invalid argument. Specify the number of threads explicitly so the affinity is not set.[m
[1;31m2024-05-02 09:03:15.168942617 [E:onnxruntime:Default, env.cc:254 ThreadMain] pthread_setaffinity_np failed for thread: 47730, index: 0, mask: {1, 25, }, error code: 22 error msg: Invalid argument. Specify the number of threads explicitly so the affinity is not set.[m
[1;31m2024-05-02 09:03:15.185823552 [E:onnxruntime:Default, env.cc:254 ThreadMain] pthread_setaffinity_np failed for thread: 47787, index: 7, mask: {8, 32, }, error code: 22 error msg: Invalid argument. Specify the number of threads explicitly so the affinity is not set.[m
[1;31m2024-05-02 09:03:15.191255624 [E:onnxruntime:Default, env.cc:254 ThreadMain] pthread_setaffinity_np failed for thread: 47799, index: 19, mask: {20, 44, }, error code: 22 error msg: Invalid argument. Specify the number of threads explicitly so the affinity is not set.[m
[1;31m2024-05-02 09:03:15.192751438 [E:onnxruntime:Default, env.cc:254 ThreadMain] pthread_setaffinity_np failed for thread: 47798, index: 18, mask: {19, 43, }, error code: 22 error msg: Invalid argument. Specify the number of threads explicitly so the affinity is not set.[m
[1;31m2024-05-02 09:03:15.201696894 [E:onnxruntime:Default, env.cc:254 ThreadMain] pthread_setaffinity_np failed for thread: 47796, index: 16, mask: {17, 41, }, error code: 22 error msg: Invalid argument. Specify the number of threads explicitly so the affinity is not set.[m
[1;31m2024-05-02 09:03:15.201696343 [E:onnxruntime:Default, env.cc:254 ThreadMain] pthread_setaffinity_np failed for thread: 47801, index: 21, mask: {22, 46, }, error code: 22 error msg: Invalid argument. Specify the number of threads explicitly so the affinity is not set.[m
[1;31m2024-05-02 09:03:15.201709171 [E:onnxruntime:Default, env.cc:254 ThreadMain] pthread_setaffinity_np failed for thread: 47800, index: 20, mask: {21, 45, }, error code: 22 error msg: Invalid argument. Specify the number of threads explicitly so the affinity is not set.[m
[1;31m2024-05-02 09:03:15.201704593 [E:onnxruntime:Default, env.cc:254 ThreadMain] pthread_setaffinity_np failed for thread: 47795, index: 15, mask: {16, 40, }, error code: 22 error msg: Invalid argument. Specify the number of threads explicitly so the affinity is not set.[m
[1;31m2024-05-02 09:03:15.201708805 [E:onnxruntime:Default, env.cc:254 ThreadMain] pthread_setaffinity_np failed for thread: 47802, index: 22, mask: {23, 47, }, error code: 22 error msg: Invalid argument. Specify the number of threads explicitly so the affinity is not set.[m
[1;31m2024-05-02 09:03:15.201726707 [E:onnxruntime:Default, env.cc:254 ThreadMain] pthread_setaffinity_np failed for thread: 47788, index: 8, mask: {9, 33, }, error code: 22 error msg: Invalid argument. Specify the number of threads explicitly so the affinity is not set.[m
[1;31m2024-05-02 09:03:15.201736406 [E:onnxruntime:Default, env.cc:254 ThreadMain] pthread_setaffinity_np failed for thread: 47791, index: 11, mask: {12, 36, }, error code: 22 error msg: Invalid argument. Specify the number of threads explicitly so the affinity is not set.[m
[1;31m2024-05-02 09:03:15.201782218 [E:onnxruntime:Default, env.cc:254 ThreadMain] pthread_setaffinity_np failed for thread: 47797, index: 17, mask: {18, 42, }, error code: 22 error msg: Invalid argument. Specify the number of threads explicitly so the affinity is not set.[m
[1;31m2024-05-02 09:03:15.201828973 [E:onnxruntime:Default, env.cc:254 ThreadMain] pthread_setaffinity_np failed for thread: 47793, index: 13, mask: {14, 38, }, error code: 22 error msg: Invalid argument. Specify the number of threads explicitly so the affinity is not set.[m
[1;31m2024-05-02 09:03:15.225077138 [E:onnxruntime:Default, env.cc:254 ThreadMain] pthread_setaffinity_np failed for thread: 47792, index: 12, mask: {13, 37, }, error code: 22 error msg: Invalid argument. Specify the number of threads explicitly so the affinity is not set.[m
[1;31m2024-05-02 09:03:15.225077656 [E:onnxruntime:Default, env.cc:254 ThreadMain] pthread_setaffinity_np failed for thread: 47794, index: 14, mask: {15, 39, }, error code: 22 error msg: Invalid argument. Specify the number of threads explicitly so the affinity is not set.[m
[1;31m2024-05-02 09:03:15.225077230 [E:onnxruntime:Default, env.cc:254 ThreadMain] pthread_setaffinity_np failed for thread: 47790, index: 10, mask: {11, 35, }, error code: 22 error msg: Invalid argument. Specify the number of threads explicitly so the affinity is not set.[m
[1;31m2024-05-02 09:03:21.425511091 [E:onnxruntime:Default, env.cc:254 ThreadMain] pthread_setaffinity_np failed for thread: 48838, index: 1, mask: {2, 26, }, error code: 22 error msg: Invalid argument. Specify the number of threads explicitly so the affinity is not set.[m
[1;31m2024-05-02 09:03:21.425574248 [E:onnxruntime:Default, env.cc:254 ThreadMain] pthread_setaffinity_np failed for thread: 48847, index: 10, mask: {11, 35, }, error code: 22 error msg: Invalid argument. Specify the number of threads explicitly so the affinity is not set.[m
[1;31m2024-05-02 09:03:21.425507968 [E:onnxruntime:Default, env.cc:254 ThreadMain] pthread_setaffinity_np failed for thread: 48837, index: 0, mask: {1, 25, }, error code: 22 error msg: Invalid argument. Specify the number of threads explicitly so the affinity is not set.[m
[1;31m2024-05-02 09:03:21.425597001 [E:onnxruntime:Default, env.cc:254 ThreadMain] pthread_setaffinity_np failed for thread: 48850, index: 13, mask: {14, 38, }, error code: 22 error msg: Invalid argument. Specify the number of threads explicitly so the affinity is not set.[m
[1;31m2024-05-02 09:03:21.425515481 [E:onnxruntime:Default, env.cc:254 ThreadMain] pthread_setaffinity_np failed for thread: 48839, index: 2, mask: {3, 27, }, error code: 22 error msg: Invalid argument. Specify the number of threads explicitly so the affinity is not set.[m
[1;31m2024-05-02 09:03:21.425562385 [E:onnxruntime:Default, env.cc:254 ThreadMain] pthread_setaffinity_np failed for thread: 48845, index: 8, mask: {9, 33, }, error code: 22 error msg: Invalid argument. Specify the number of threads explicitly so the affinity is not set.[m
[1;31m2024-05-02 09:03:21.433656762 [E:onnxruntime:Default, env.cc:254 ThreadMain] pthread_setaffinity_np failed for thread: 48859, index: 22, mask: {23, 47, }, error code: 22 error msg: Invalid argument. Specify the number of threads explicitly so the affinity is not set.[m
[1;31m2024-05-02 09:03:21.433656743 [E:onnxruntime:Default, env.cc:254 ThreadMain] pthread_setaffinity_np failed for thread: 48856, index: 19, mask: {20, 44, }, error code: 22 error msg: Invalid argument. Specify the number of threads explicitly so the affinity is not set.[m
[1;31m2024-05-02 09:03:21.425507975 [E:onnxruntime:Default, env.cc:254 ThreadMain] pthread_setaffinity_np failed for thread: 48840, index: 3, mask: {4, 28, }, error code: 22 error msg: Invalid argument. Specify the number of threads explicitly so the affinity is not set.[m
[1;31m2024-05-02 09:03:21.434613814 [E:onnxruntime:Default, env.cc:254 ThreadMain] pthread_setaffinity_np failed for thread: 48849, index: 12, mask: {13, 37, }, error code: 22 error msg: Invalid argument. Specify the number of threads explicitly so the affinity is not set.[m
[1;31m2024-05-02 09:03:21.434623737 [E:onnxruntime:Default, env.cc:254 ThreadMain] pthread_setaffinity_np failed for thread: 48855, index: 18, mask: {19, 43, }, error code: 22 error msg: Invalid argument. Specify the number of threads explicitly so the affinity is not set.[m
[1;31m2024-05-02 09:03:21.425640084 [E:onnxruntime:Default, env.cc:254 ThreadMain] pthread_setaffinity_np failed for thread: 48853, index: 16, mask: {17, 41, }, error code: 22 error msg: Invalid argument. Specify the number of threads explicitly so the affinity is not set.[m
[1;31m2024-05-02 09:03:21.433656699 [E:onnxruntime:Default, env.cc:254 ThreadMain] pthread_setaffinity_np failed for thread: 48858, index: 21, mask: {22, 46, }, error code: 22 error msg: Invalid argument. Specify the number of threads explicitly so the affinity is not set.[m
[1;31m2024-05-02 09:03:21.442640843 [E:onnxruntime:Default, env.cc:254 ThreadMain] pthread_setaffinity_np failed for thread: 48851, index: 14, mask: {15, 39, }, error code: 22 error msg: Invalid argument. Specify the number of threads explicitly so the affinity is not set.[m
[1;31m2024-05-02 09:03:21.451637860 [E:onnxruntime:Default, env.cc:254 ThreadMain] pthread_setaffinity_np failed for thread: 48844, index: 7, mask: {8, 32, }, error code: 22 error msg: Invalid argument. Specify the number of threads explicitly so the affinity is not set.[m
[1;31m2024-05-02 09:03:21.452619642 [E:onnxruntime:Default, env.cc:254 ThreadMain] pthread_setaffinity_np failed for thread: 48848, index: 11, mask: {12, 36, }, error code: 22 error msg: Invalid argument. Specify the number of threads explicitly so the affinity is not set.[m
[1;31m2024-05-02 09:03:21.452625257 [E:onnxruntime:Default, env.cc:254 ThreadMain] pthread_setaffinity_np failed for thread: 48857, index: 20, mask: {21, 45, }, error code: 22 error msg: Invalid argument. Specify the number of threads explicitly so the affinity is not set.[m
[1;31m2024-05-02 09:03:21.455954453 [E:onnxruntime:Default, env.cc:254 ThreadMain] pthread_setaffinity_np failed for thread: 48854, index: 17, mask: {18, 42, }, error code: 22 error msg: Invalid argument. Specify the number of threads explicitly so the affinity is not set.[m
[1;31m2024-05-02 09:03:21.457627282 [E:onnxruntime:Default, env.cc:254 ThreadMain] pthread_setaffinity_np failed for thread: 48852, index: 15, mask: {16, 40, }, error code: 22 error msg: Invalid argument. Specify the number of threads explicitly so the affinity is not set.[m
[1;31m2024-05-02 09:03:31.997650518 [E:onnxruntime:Default, env.cc:254 ThreadMain] pthread_setaffinity_np failed for thread: 2801, index: 3, mask: {4, 28, }, error code: 22 error msg: Invalid argument. Specify the number of threads explicitly so the affinity is not set.[m
[1;31m2024-05-02 09:03:31.997691548 [E:onnxruntime:Default, env.cc:254 ThreadMain] pthread_setaffinity_np failed for thread: 2799, index: 1, mask: {2, 26, }, error code: 22 error msg: Invalid argument. Specify the number of threads explicitly so the affinity is not set.[m
[1;31m2024-05-02 09:03:31.997651198 [E:onnxruntime:Default, env.cc:254 ThreadMain] pthread_setaffinity_np failed for thread: 2798, index: 0, mask: {1, 25, }, error code: 22 error msg: Invalid argument. Specify the number of threads explicitly so the affinity is not set.[m
[1;31m2024-05-02 09:03:31.997690638 [E:onnxruntime:Default, env.cc:254 ThreadMain] pthread_setaffinity_np failed for thread: 2800, index: 2, mask: {3, 27, }, error code: 22 error msg: Invalid argument. Specify the number of threads explicitly so the affinity is not set.[m
[1;31m2024-05-02 09:03:32.006652170 [E:onnxruntime:Default, env.cc:254 ThreadMain] pthread_setaffinity_np failed for thread: 2818, index: 19, mask: {20, 44, }, error code: 22 error msg: Invalid argument. Specify the number of threads explicitly so the affinity is not set.[m
[1;31m2024-05-02 09:03:32.006652144 [E:onnxruntime:Default, env.cc:254 ThreadMain] pthread_setaffinity_np failed for thread: 2821, index: 22, mask: {23, 47, }, error code: 22 error msg: Invalid argument. Specify the number of threads explicitly so the affinity is not set.[m
[1;31m2024-05-02 09:03:32.006718563 [E:onnxruntime:Default, env.cc:254 ThreadMain] pthread_setaffinity_np failed for thread: 2808, index: 10, mask: {11, 35, }, error code: 22 error msg: Invalid argument. Specify the number of threads explicitly so the affinity is not set.[m
[1;31m2024-05-02 09:03:32.006651927 [E:onnxruntime:Default, env.cc:254 ThreadMain] pthread_setaffinity_np failed for thread: 2814, index: 15, mask: {16, 40, }, error code: 22 error msg: Invalid argument. Specify the number of threads explicitly so the affinity is not set.[m
[1;31m2024-05-02 09:03:32.007898319 [E:onnxruntime:Default, env.cc:254 ThreadMain] pthread_setaffinity_np failed for thread: 2812, index: 13, mask: {14, 38, }, error code: 22 error msg: Invalid argument. Specify the number of threads explicitly so the affinity is not set.[m
[1;31m2024-05-02 09:03:32.011655535 [E:onnxruntime:Default, env.cc:254 ThreadMain] pthread_setaffinity_np failed for thread: 2820, index: 21, mask: {22, 46, }, error code: 22 error msg: Invalid argument. Specify the number of threads explicitly so the affinity is not set.[m
[1;31m2024-05-02 09:03:32.012967752 [E:onnxruntime:Default, env.cc:254 ThreadMain] pthread_setaffinity_np failed for thread: 2815, index: 16, mask: {17, 41, }, error code: 22 error msg: Invalid argument. Specify the number of threads explicitly so the affinity is not set.[m
[1;31m2024-05-02 09:03:32.006652246 [E:onnxruntime:Default, env.cc:254 ThreadMain] pthread_setaffinity_np failed for thread: 2819, index: 20, mask: {21, 45, }, error code: 22 error msg: Invalid argument. Specify the number of threads explicitly so the affinity is not set.[m
[1;31m2024-05-02 09:03:32.014173363 [E:onnxruntime:Default, env.cc:254 ThreadMain] pthread_setaffinity_np failed for thread: 2806, index: 8, mask: {9, 33, }, error code: 22 error msg: Invalid argument. Specify the number of threads explicitly so the affinity is not set.[m
[1;31m2024-05-02 09:03:32.014632641 [E:onnxruntime:Default, env.cc:254 ThreadMain] pthread_setaffinity_np failed for thread: 2813, index: 14, mask: {15, 39, }, error code: 22 error msg: Invalid argument. Specify the number of threads explicitly so the affinity is not set.[m
[1;31m2024-05-02 09:03:32.006720237 [E:onnxruntime:Default, env.cc:254 ThreadMain] pthread_setaffinity_np failed for thread: 2816, index: 17, mask: {18, 42, }, error code: 22 error msg: Invalid argument. Specify the number of threads explicitly so the affinity is not set.[m
[1;31m2024-05-02 09:03:32.015629220 [E:onnxruntime:Default, env.cc:254 ThreadMain] pthread_setaffinity_np failed for thread: 2809, index: 11, mask: {12, 36, }, error code: 22 error msg: Invalid argument. Specify the number of threads explicitly so the affinity is not set.[m
[1;31m2024-05-02 09:03:32.023643274 [E:onnxruntime:Default, env.cc:254 ThreadMain] pthread_setaffinity_np failed for thread: 2817, index: 18, mask: {19, 43, }, error code: 22 error msg: Invalid argument. Specify the number of threads explicitly so the affinity is not set.[m
[1;31m2024-05-02 09:03:32.024674842 [E:onnxruntime:Default, env.cc:254 ThreadMain] pthread_setaffinity_np failed for thread: 2805, index: 7, mask: {8, 32, }, error code: 22 error msg: Invalid argument. Specify the number of threads explicitly so the affinity is not set.[m
[1;31m2024-05-02 09:03:32.023643897 [E:onnxruntime:Default, env.cc:254 ThreadMain] pthread_setaffinity_np failed for thread: 2810, index: 12, mask: {13, 37, }, error code: 22 error msg: Invalid argument. Specify the number of threads explicitly so the affinity is not set.[m
[1;31m2024-05-02 09:03:52.366970796 [E:onnxruntime:Default, env.cc:254 ThreadMain] pthread_setaffinity_np failed for thread: 5587, index: 0, mask: {1, 25, }, error code: 22 error msg: Invalid argument. Specify the number of threads explicitly so the affinity is not set.[m
[1;31m2024-05-02 09:03:52.367014415 [E:onnxruntime:Default, env.cc:254 ThreadMain] pthread_setaffinity_np failed for thread: 5590, index: 3, mask: {4, 28, }, error code: 22 error msg: Invalid argument. Specify the number of threads explicitly so the affinity is not set.[m
[1;31m2024-05-02 09:03:52.367037169 [E:onnxruntime:Default, env.cc:254 ThreadMain] pthread_setaffinity_np failed for thread: 5589, index: 2, mask: {3, 27, }, error code: 22 error msg: Invalid argument. Specify the number of threads explicitly so the affinity is not set.[m
[1;31m2024-05-02 09:03:52.367160582 [E:onnxruntime:Default, env.cc:254 ThreadMain] pthread_setaffinity_np failed for thread: 5594, index: 7, mask: {8, 32, }, error code: 22 error msg: Invalid argument. Specify the number of threads explicitly so the affinity is not set.[m
[1;31m2024-05-02 09:03:52.367006767 [E:onnxruntime:Default, env.cc:254 ThreadMain] pthread_setaffinity_np failed for thread: 5588, index: 1, mask: {2, 26, }, error code: 22 error msg: Invalid argument. Specify the number of threads explicitly so the affinity is not set.[m
[1;31m2024-05-02 09:03:52.375627048 [E:onnxruntime:Default, env.cc:254 ThreadMain] pthread_setaffinity_np failed for thread: 5598, index: 11, mask: {12, 36, }, error code: 22 error msg: Invalid argument. Specify the number of threads explicitly so the affinity is not set.[m
[1;31m2024-05-02 09:03:52.375643844 [E:onnxruntime:Default, env.cc:254 ThreadMain] pthread_setaffinity_np failed for thread: 5599, index: 12, mask: {13, 37, }, error code: 22 error msg: Invalid argument. Specify the number of threads explicitly so the affinity is not set.[m
[1;31m2024-05-02 09:03:52.375681267 [E:onnxruntime:Default, env.cc:254 ThreadMain] pthread_setaffinity_np failed for thread: 5600, index: 13, mask: {14, 38, }, error code: 22 error msg: Invalid argument. Specify the number of threads explicitly so the affinity is not set.[m
[1;31m2024-05-02 09:03:52.375681850 [E:onnxruntime:Default, env.cc:254 ThreadMain] pthread_setaffinity_np failed for thread: 5595, index: 8, mask: {9, 33, }, error code: 22 error msg: Invalid argument. Specify the number of threads explicitly so the affinity is not set.[m
[1;31m2024-05-02 09:03:52.375680857 [E:onnxruntime:Default, env.cc:254 ThreadMain] pthread_setaffinity_np failed for thread: 5597, index: 10, mask: {11, 35, }, error code: 22 error msg: Invalid argument. Specify the number of threads explicitly so the affinity is not set.[m
[1;31m2024-05-02 09:03:52.377338117 [E:onnxruntime:Default, env.cc:254 ThreadMain] pthread_setaffinity_np failed for thread: 5609, index: 22, mask: {23, 47, }, error code: 22 error msg: Invalid argument. Specify the number of threads explicitly so the affinity is not set.[m
[1;31m2024-05-02 09:03:52.382650119 [E:onnxruntime:Default, env.cc:254 ThreadMain] pthread_setaffinity_np failed for thread: 5607, index: 20, mask: {21, 45, }, error code: 22 error msg: Invalid argument. Specify the number of threads explicitly so the affinity is not set.[m
[1;31m2024-05-02 09:03:52.382650362 [E:onnxruntime:Default, env.cc:254 ThreadMain] pthread_setaffinity_np failed for thread: 5601, index: 14, mask: {15, 39, }, error code: 22 error msg: Invalid argument. Specify the number of threads explicitly so the affinity is not set.[m
[1;31m2024-05-02 09:03:52.384660086 [E:onnxruntime:Default, env.cc:254 ThreadMain] pthread_setaffinity_np failed for thread: 5603, index: 16, mask: {17, 41, }, error code: 22 error msg: Invalid argument. Specify the number of threads explicitly so the affinity is not set.[m
[1;31m2024-05-02 09:03:52.385644855 [E:onnxruntime:Default, env.cc:254 ThreadMain] pthread_setaffinity_np failed for thread: 5606, index: 19, mask: {20, 44, }, error code: 22 error msg: Invalid argument. Specify the number of threads explicitly so the affinity is not set.[m
[1;31m2024-05-02 09:03:52.387638595 [E:onnxruntime:Default, env.cc:254 ThreadMain] pthread_setaffinity_np failed for thread: 5608, index: 21, mask: {22, 46, }, error code: 22 error msg: Invalid argument. Specify the number of threads explicitly so the affinity is not set.[m
[1;31m2024-05-02 09:03:52.391623694 [E:onnxruntime:Default, env.cc:254 ThreadMain] pthread_setaffinity_np failed for thread: 5605, index: 18, mask: {19, 43, }, error code: 22 error msg: Invalid argument. Specify the number of threads explicitly so the affinity is not set.[m
[1;31m2024-05-02 09:03:52.384654303 [E:onnxruntime:Default, env.cc:254 ThreadMain] pthread_setaffinity_np failed for thread: 5604, index: 17, mask: {18, 42, }, error code: 22 error msg: Invalid argument. Specify the number of threads explicitly so the affinity is not set.[m
[1;31m2024-05-02 09:03:52.384658574 [E:onnxruntime:Default, env.cc:254 ThreadMain] pthread_setaffinity_np failed for thread: 5602, index: 15, mask: {16, 40, }, error code: 22 error msg: Invalid argument. Specify the number of threads explicitly so the affinity is not set.[m
[1;31m2024-05-02 09:04:03.222252260 [E:onnxruntime:Default, env.cc:254 ThreadMain] pthread_setaffinity_np failed for thread: 8076, index: 0, mask: {1, 25, }, error code: 22 error msg: Invalid argument. Specify the number of threads explicitly so the affinity is not set.[m
[1;31m2024-05-02 09:04:03.222315062 [E:onnxruntime:Default, env.cc:254 ThreadMain] pthread_setaffinity_np failed for thread: 8083, index: 7, mask: {8, 32, }, error code: 22 error msg: Invalid argument. Specify the number of threads explicitly so the affinity is not set.[m
[1;31m2024-05-02 09:04:03.222285953 [E:onnxruntime:Default, env.cc:254 ThreadMain] pthread_setaffinity_np failed for thread: 8077, index: 1, mask: {2, 26, }, error code: 22 error msg: Invalid argument. Specify the number of threads explicitly so the affinity is not set.[m
[1;31m2024-05-02 09:04:03.222329004 [E:onnxruntime:Default, env.cc:254 ThreadMain] pthread_setaffinity_np failed for thread: 8084, index: 8, mask: {9, 33, }, error code: 22 error msg: Invalid argument. Specify the number of threads explicitly so the affinity is not set.[m
[1;31m2024-05-02 09:04:03.222296453 [E:onnxruntime:Default, env.cc:254 ThreadMain] pthread_setaffinity_np failed for thread: 8078, index: 2, mask: {3, 27, }, error code: 22 error msg: Invalid argument. Specify the number of threads explicitly so the affinity is not set.[m
[1;31m2024-05-02 09:04:03.222432635 [E:onnxruntime:Default, env.cc:254 ThreadMain] pthread_setaffinity_np failed for thread: 8087, index: 11, mask: {12, 36, }, error code: 22 error msg: Invalid argument. Specify the number of threads explicitly so the affinity is not set.[m
[1;31m2024-05-02 09:04:03.222289416 [E:onnxruntime:Default, env.cc:254 ThreadMain] pthread_setaffinity_np failed for thread: 8079, index: 3, mask: {4, 28, }, error code: 22 error msg: Invalid argument. Specify the number of threads explicitly so the affinity is not set.[m
[1;31m2024-05-02 09:04:03.222444789 [E:onnxruntime:Default, env.cc:254 ThreadMain] pthread_setaffinity_np failed for thread: 8091, index: 15, mask: {16, 40, }, error code: 22 error msg: Invalid argument. Specify the number of threads explicitly so the affinity is not set.[m
[1;31m2024-05-02 09:04:03.230651989 [E:onnxruntime:Default, env.cc:254 ThreadMain] pthread_setaffinity_np failed for thread: 8090, index: 14, mask: {15, 39, }, error code: 22 error msg: Invalid argument. Specify the number of threads explicitly so the affinity is not set.[m
[1;31m2024-05-02 09:04:03.230650779 [E:onnxruntime:Default, env.cc:254 ThreadMain] pthread_setaffinity_np failed for thread: 8096, index: 20, mask: {21, 45, }, error code: 22 error msg: Invalid argument. Specify the number of threads explicitly so the affinity is not set.[m
[1;31m2024-05-02 09:04:03.234608778 [E:onnxruntime:Default, env.cc:254 ThreadMain] pthread_setaffinity_np failed for thread: 8088, index: 12, mask: {13, 37, }, error code: 22 error msg: Invalid argument. Specify the number of threads explicitly so the affinity is not set.[m
[1;31m2024-05-02 09:04:03.239642100 [E:onnxruntime:Default, env.cc:254 ThreadMain] pthread_setaffinity_np failed for thread: 8093, index: 17, mask: {18, 42, }, error code: 22 error msg: Invalid argument. Specify the number of threads explicitly so the affinity is not set.[m
[1;31m2024-05-02 09:04:03.239636702 [E:onnxruntime:Default, env.cc:254 ThreadMain] pthread_setaffinity_np failed for thread: 8094, index: 18, mask: {19, 43, }, error code: 22 error msg: Invalid argument. Specify the number of threads explicitly so the affinity is not set.[m
[1;31m2024-05-02 09:04:03.239648479 [E:onnxruntime:Default, env.cc:254 ThreadMain] pthread_setaffinity_np failed for thread: 8098, index: 22, mask: {23, 47, }, error code: 22 error msg: Invalid argument. Specify the number of threads explicitly so the affinity is not set.[m
[1;31m2024-05-02 09:04:03.239648020 [E:onnxruntime:Default, env.cc:254 ThreadMain] pthread_setaffinity_np failed for thread: 8089, index: 13, mask: {14, 38, }, error code: 22 error msg: Invalid argument. Specify the number of threads explicitly so the affinity is not set.[m
[1;31m2024-05-02 09:04:03.246807301 [E:onnxruntime:Default, env.cc:254 ThreadMain] pthread_setaffinity_np failed for thread: 8086, index: 10, mask: {11, 35, }, error code: 22 error msg: Invalid argument. Specify the number of threads explicitly so the affinity is not set.[m
[1;31m2024-05-02 09:04:03.252632476 [E:onnxruntime:Default, env.cc:254 ThreadMain] pthread_setaffinity_np failed for thread: 8095, index: 19, mask: {20, 44, }, error code: 22 error msg: Invalid argument. Specify the number of threads explicitly so the affinity is not set.[m
[1;31m2024-05-02 09:04:03.252756327 [E:onnxruntime:Default, env.cc:254 ThreadMain] pthread_setaffinity_np failed for thread: 8097, index: 21, mask: {22, 46, }, error code: 22 error msg: Invalid argument. Specify the number of threads explicitly so the affinity is not set.[m
[1;31m2024-05-02 09:04:03.252632479 [E:onnxruntime:Default, env.cc:254 ThreadMain] pthread_setaffinity_np failed for thread: 8092, index: 16, mask: {17, 41, }, error code: 22 error msg: Invalid argument. Specify the number of threads explicitly so the affinity is not set.[m
[1;31m2024-05-02 09:04:07.968187149 [E:onnxruntime:Default, env.cc:254 ThreadMain] pthread_setaffinity_np failed for thread: 10590, index: 1, mask: {2, 26, }, error code: 22 error msg: Invalid argument. Specify the number of threads explicitly so the affinity is not set.[m
[1;31m2024-05-02 09:04:07.968187276 [E:onnxruntime:Default, env.cc:254 ThreadMain] pthread_setaffinity_np failed for thread: 10589, index: 0, mask: {1, 25, }, error code: 22 error msg: Invalid argument. Specify the number of threads explicitly so the affinity is not set.[m
[1;31m2024-05-02 09:04:07.968218323 [E:onnxruntime:Default, env.cc:254 ThreadMain] pthread_setaffinity_np failed for thread: 10591, index: 2, mask: {3, 27, }, error code: 22 error msg: Invalid argument. Specify the number of threads explicitly so the affinity is not set.[m
[1;31m2024-05-02 09:04:07.968304194 [E:onnxruntime:Default, env.cc:254 ThreadMain] pthread_setaffinity_np failed for thread: 10601, index: 12, mask: {13, 37, }, error code: 22 error msg: Invalid argument. Specify the number of threads explicitly so the affinity is not set.[m
[1;31m2024-05-02 09:04:07.968307542 [E:onnxruntime:Default, env.cc:254 ThreadMain] pthread_setaffinity_np failed for thread: 10599, index: 10, mask: {11, 35, }, error code: 22 error msg: Invalid argument. Specify the number of threads explicitly so the affinity is not set.[m
[1;31m2024-05-02 09:04:07.968216769 [E:onnxruntime:Default, env.cc:254 ThreadMain] pthread_setaffinity_np failed for thread: 10596, index: 7, mask: {8, 32, }, error code: 22 error msg: Invalid argument. Specify the number of threads explicitly so the affinity is not set.[m
[1;31m2024-05-02 09:04:07.968187283 [E:onnxruntime:Default, env.cc:254 ThreadMain] pthread_setaffinity_np failed for thread: 10592, index: 3, mask: {4, 28, }, error code: 22 error msg: Invalid argument. Specify the number of threads explicitly so the affinity is not set.[m
[1;31m2024-05-02 09:04:07.976690048 [E:onnxruntime:Default, env.cc:254 ThreadMain] pthread_setaffinity_np failed for thread: 10605, index: 14, mask: {15, 39, }, error code: 22 error msg: Invalid argument. Specify the number of threads explicitly so the affinity is not set.[m
[1;31m2024-05-02 09:04:07.978438024 [E:onnxruntime:Default, env.cc:254 ThreadMain] pthread_setaffinity_np failed for thread: 10607, index: 16, mask: {17, 41, }, error code: 22 error msg: Invalid argument. Specify the number of threads explicitly so the affinity is not set.[m
[1;31m2024-05-02 09:04:07.976646313 [E:onnxruntime:Default, env.cc:254 ThreadMain] pthread_setaffinity_np failed for thread: 10608, index: 17, mask: {18, 42, }, error code: 22 error msg: Invalid argument. Specify the number of threads explicitly so the affinity is not set.[m
[1;31m2024-05-02 09:04:07.976646310 [E:onnxruntime:Default, env.cc:254 ThreadMain] pthread_setaffinity_np failed for thread: 10612, index: 21, mask: {22, 46, }, error code: 22 error msg: Invalid argument. Specify the number of threads explicitly so the affinity is not set.[m
[1;31m2024-05-02 09:04:07.976646512 [E:onnxruntime:Default, env.cc:254 ThreadMain] pthread_setaffinity_np failed for thread: 10611, index: 20, mask: {21, 45, }, error code: 22 error msg: Invalid argument. Specify the number of threads explicitly so the affinity is not set.[m
[1;31m2024-05-02 09:04:07.984672741 [E:onnxruntime:Default, env.cc:254 ThreadMain] pthread_setaffinity_np failed for thread: 10602, index: 13, mask: {14, 38, }, error code: 22 error msg: Invalid argument. Specify the number of threads explicitly so the affinity is not set.[m
[1;31m2024-05-02 09:04:07.985632089 [E:onnxruntime:Default, env.cc:254 ThreadMain] pthread_setaffinity_np failed for thread: 10606, index: 15, mask: {16, 40, }, error code: 22 error msg: Invalid argument. Specify the number of threads explicitly so the affinity is not set.[m
[1;31m2024-05-02 09:04:07.989616638 [E:onnxruntime:Default, env.cc:254 ThreadMain] pthread_setaffinity_np failed for thread: 10610, index: 19, mask: {20, 44, }, error code: 22 error msg: Invalid argument. Specify the number of threads explicitly so the affinity is not set.[m
[1;31m2024-05-02 09:04:07.989627606 [E:onnxruntime:Default, env.cc:254 ThreadMain] pthread_setaffinity_np failed for thread: 10609, index: 18, mask: {19, 43, }, error code: 22 error msg: Invalid argument. Specify the number of threads explicitly so the affinity is not set.[m
[1;31m2024-05-02 09:04:07.993625270 [E:onnxruntime:Default, env.cc:254 ThreadMain] pthread_setaffinity_np failed for thread: 10597, index: 8, mask: {9, 33, }, error code: 22 error msg: Invalid argument. Specify the number of threads explicitly so the affinity is not set.[m
[1;31m2024-05-02 09:04:07.996638263 [E:onnxruntime:Default, env.cc:254 ThreadMain] pthread_setaffinity_np failed for thread: 10613, index: 22, mask: {23, 47, }, error code: 22 error msg: Invalid argument. Specify the number of threads explicitly so the affinity is not set.[m
[1;31m2024-05-02 09:04:08.003640800 [E:onnxruntime:Default, env.cc:254 ThreadMain] pthread_setaffinity_np failed for thread: 10600, index: 11, mask: {12, 36, }, error code: 22 error msg: Invalid argument. Specify the number of threads explicitly so the affinity is not set.[m
[1;31m2024-05-02 09:04:37.968657843 [E:onnxruntime:Default, env.cc:254 ThreadMain] pthread_setaffinity_np failed for thread: 13220, index: 1, mask: {2, 26, }, error code: 22 error msg: Invalid argument. Specify the number of threads explicitly so the affinity is not set.[m
[1;31m2024-05-02 09:04:37.968751653 [E:onnxruntime:Default, env.cc:254 ThreadMain] pthread_setaffinity_np failed for thread: 13230, index: 11, mask: {12, 36, }, error code: 22 error msg: Invalid argument. Specify the number of threads explicitly so the affinity is not set.[m
[1;31m2024-05-02 09:04:37.968748260 [E:onnxruntime:Default, env.cc:254 ThreadMain] pthread_setaffinity_np failed for thread: 13229, index: 10, mask: {11, 35, }, error code: 22 error msg: Invalid argument. Specify the number of threads explicitly so the affinity is not set.[m
[1;31m2024-05-02 09:04:37.968658270 [E:onnxruntime:Default, env.cc:254 ThreadMain] pthread_setaffinity_np failed for thread: 13219, index: 0, mask: {1, 25, }, error code: 22 error msg: Invalid argument. Specify the number of threads explicitly so the affinity is not set.[m
[1;31m2024-05-02 09:04:37.968780333 [E:onnxruntime:Default, env.cc:254 ThreadMain] pthread_setaffinity_np failed for thread: 13231, index: 12, mask: {13, 37, }, error code: 22 error msg: Invalid argument. Specify the number of threads explicitly so the affinity is not set.[m
[1;31m2024-05-02 09:04:37.968663520 [E:onnxruntime:Default, env.cc:254 ThreadMain] pthread_setaffinity_np failed for thread: 13221, index: 2, mask: {3, 27, }, error code: 22 error msg: Invalid argument. Specify the number of threads explicitly so the affinity is not set.[m
[1;31m2024-05-02 09:04:37.968697685 [E:onnxruntime:Default, env.cc:254 ThreadMain] pthread_setaffinity_np failed for thread: 13226, index: 7, mask: {8, 32, }, error code: 22 error msg: Invalid argument. Specify the number of threads explicitly so the affinity is not set.[m
[1;31m2024-05-02 09:04:37.968826143 [E:onnxruntime:Default, env.cc:254 ThreadMain] pthread_setaffinity_np failed for thread: 13234, index: 15, mask: {16, 40, }, error code: 22 error msg: Invalid argument. Specify the number of threads explicitly so the affinity is not set.[m
[1;31m2024-05-02 09:04:37.968729023 [E:onnxruntime:Default, env.cc:254 ThreadMain] pthread_setaffinity_np failed for thread: 13227, index: 8, mask: {9, 33, }, error code: 22 error msg: Invalid argument. Specify the number of threads explicitly so the affinity is not set.[m
[1;31m2024-05-02 09:04:37.981632706 [E:onnxruntime:Default, env.cc:254 ThreadMain] pthread_setaffinity_np failed for thread: 13232, index: 13, mask: {14, 38, }, error code: 22 error msg: Invalid argument. Specify the number of threads explicitly so the affinity is not set.[m
[1;31m2024-05-02 09:04:37.982636751 [E:onnxruntime:Default, env.cc:254 ThreadMain] pthread_setaffinity_np failed for thread: 13233, index: 14, mask: {15, 39, }, error code: 22 error msg: Invalid argument. Specify the number of threads explicitly so the affinity is not set.[m
[1;31m2024-05-02 09:04:37.988653714 [E:onnxruntime:Default, env.cc:254 ThreadMain] pthread_setaffinity_np failed for thread: 13240, index: 21, mask: {22, 46, }, error code: 22 error msg: Invalid argument. Specify the number of threads explicitly so the affinity is not set.[m
[1;31m2024-05-02 09:04:37.968658277 [E:onnxruntime:Default, env.cc:254 ThreadMain] pthread_setaffinity_np failed for thread: 13222, index: 3, mask: {4, 28, }, error code: 22 error msg: Invalid argument. Specify the number of threads explicitly so the affinity is not set.[m
[1;31m2024-05-02 09:04:37.990627390 [E:onnxruntime:Default, env.cc:254 ThreadMain] pthread_setaffinity_np failed for thread: 13235, index: 16, mask: {17, 41, }, error code: 22 error msg: Invalid argument. Specify the number of threads explicitly so the affinity is not set.[m
[1;31m2024-05-02 09:04:37.990627385 [E:onnxruntime:Default, env.cc:254 ThreadMain] pthread_setaffinity_np failed for thread: 13239, index: 20, mask: {21, 45, }, error code: 22 error msg: Invalid argument. Specify the number of threads explicitly so the affinity is not set.[m
[1;31m2024-05-02 09:04:37.997420117 [E:onnxruntime:Default, env.cc:254 ThreadMain] pthread_setaffinity_np failed for thread: 13238, index: 19, mask: {20, 44, }, error code: 22 error msg: Invalid argument. Specify the number of threads explicitly so the affinity is not set.[m
[1;31m2024-05-02 09:04:37.999622528 [E:onnxruntime:Default, env.cc:254 ThreadMain] pthread_setaffinity_np failed for thread: 13236, index: 17, mask: {18, 42, }, error code: 22 error msg: Invalid argument. Specify the number of threads explicitly so the affinity is not set.[m
[1;31m2024-05-02 09:04:37.999629491 [E:onnxruntime:Default, env.cc:254 ThreadMain] pthread_setaffinity_np failed for thread: 13241, index: 22, mask: {23, 47, }, error code: 22 error msg: Invalid argument. Specify the number of threads explicitly so the affinity is not set.[m
[1;31m2024-05-02 09:04:38.005626808 [E:onnxruntime:Default, env.cc:254 ThreadMain] pthread_setaffinity_np failed for thread: 13237, index: 18, mask: {19, 43, }, error code: 22 error msg: Invalid argument. Specify the number of threads explicitly so the affinity is not set.[m
[1;31m2024-05-02 09:04:38.639777936 [E:onnxruntime:Default, env.cc:254 ThreadMain] pthread_setaffinity_np failed for thread: 13243, index: 0, mask: {1, 25, }, error code: 22 error msg: Invalid argument. Specify the number of threads explicitly so the affinity is not set.[m
[1;31m2024-05-02 09:04:38.639857724 [E:onnxruntime:Default, env.cc:254 ThreadMain] pthread_setaffinity_np failed for thread: 13255, index: 12, mask: {13, 37, }, error code: 22 error msg: Invalid argument. Specify the number of threads explicitly so the affinity is not set.[m
[1;31m2024-05-02 09:04:38.639879561 [E:onnxruntime:Default, env.cc:254 ThreadMain] pthread_setaffinity_np failed for thread: 13254, index: 11, mask: {12, 36, }, error code: 22 error msg: Invalid argument. Specify the number of threads explicitly so the affinity is not set.[m
[1;31m2024-05-02 09:04:38.639891525 [E:onnxruntime:Default, env.cc:254 ThreadMain] pthread_setaffinity_np failed for thread: 13256, index: 13, mask: {14, 38, }, error code: 22 error msg: Invalid argument. Specify the number of threads explicitly so the affinity is not set.[m
[1;31m2024-05-02 09:04:38.639777929 [E:onnxruntime:Default, env.cc:254 ThreadMain] pthread_setaffinity_np failed for thread: 13246, index: 3, mask: {4, 28, }, error code: 22 error msg: Invalid argument. Specify the number of threads explicitly so the affinity is not set.[m
[1;31m2024-05-02 09:04:38.640677091 [E:onnxruntime:Default, env.cc:254 ThreadMain] pthread_setaffinity_np failed for thread: 13257, index: 14, mask: {15, 39, }, error code: 22 error msg: Invalid argument. Specify the number of threads explicitly so the affinity is not set.[m
[1;31m2024-05-02 09:04:38.639807254 [E:onnxruntime:Default, env.cc:254 ThreadMain] pthread_setaffinity_np failed for thread: 13250, index: 7, mask: {8, 32, }, error code: 22 error msg: Invalid argument. Specify the number of threads explicitly so the affinity is not set.[m
[1;31m2024-05-02 09:04:38.639798916 [E:onnxruntime:Default, env.cc:254 ThreadMain] pthread_setaffinity_np failed for thread: 13245, index: 2, mask: {3, 27, }, error code: 22 error msg: Invalid argument. Specify the number of threads explicitly so the affinity is not set.[m
[1;31m2024-05-02 09:04:38.639817965 [E:onnxruntime:Default, env.cc:254 ThreadMain] pthread_setaffinity_np failed for thread: 13251, index: 8, mask: {9, 33, }, error code: 22 error msg: Invalid argument. Specify the number of threads explicitly so the affinity is not set.[m
[1;31m2024-05-02 09:04:38.639793659 [E:onnxruntime:Default, env.cc:254 ThreadMain] pthread_setaffinity_np failed for thread: 13244, index: 1, mask: {2, 26, }, error code: 22 error msg: Invalid argument. Specify the number of threads explicitly so the affinity is not set.[m
[1;31m2024-05-02 09:04:38.649666646 [E:onnxruntime:Default, env.cc:254 ThreadMain] pthread_setaffinity_np failed for thread: 13265, index: 21, mask: {22, 46, }, error code: 22 error msg: Invalid argument. Specify the number of threads explicitly so the affinity is not set.[m
[1;31m2024-05-02 09:04:38.653654949 [E:onnxruntime:Default, env.cc:254 ThreadMain] pthread_setaffinity_np failed for thread: 13266, index: 22, mask: {23, 47, }, error code: 22 error msg: Invalid argument. Specify the number of threads explicitly so the affinity is not set.[m
[1;31m2024-05-02 09:04:38.657644900 [E:onnxruntime:Default, env.cc:254 ThreadMain] pthread_setaffinity_np failed for thread: 13253, index: 10, mask: {11, 35, }, error code: 22 error msg: Invalid argument. Specify the number of threads explicitly so the affinity is not set.[m
[1;31m2024-05-02 09:04:38.658632160 [E:onnxruntime:Default, env.cc:254 ThreadMain] pthread_setaffinity_np failed for thread: 13261, index: 18, mask: {19, 43, }, error code: 22 error msg: Invalid argument. Specify the number of threads explicitly so the affinity is not set.[m
[1;31m2024-05-02 09:04:38.663633308 [E:onnxruntime:Default, env.cc:254 ThreadMain] pthread_setaffinity_np failed for thread: 13264, index: 20, mask: {21, 45, }, error code: 22 error msg: Invalid argument. Specify the number of threads explicitly so the affinity is not set.[m
[1;31m2024-05-02 09:04:38.667641370 [E:onnxruntime:Default, env.cc:254 ThreadMain] pthread_setaffinity_np failed for thread: 13259, index: 16, mask: {17, 41, }, error code: 22 error msg: Invalid argument. Specify the number of threads explicitly so the affinity is not set.[m
[1;31m2024-05-02 09:04:38.668626428 [E:onnxruntime:Default, env.cc:254 ThreadMain] pthread_setaffinity_np failed for thread: 13258, index: 15, mask: {16, 40, }, error code: 22 error msg: Invalid argument. Specify the number of threads explicitly so the affinity is not set.[m
[1;31m2024-05-02 09:04:38.663633706 [E:onnxruntime:Default, env.cc:254 ThreadMain] pthread_setaffinity_np failed for thread: 13263, index: 19, mask: {20, 44, }, error code: 22 error msg: Invalid argument. Specify the number of threads explicitly so the affinity is not set.[m
[1;31m2024-05-02 09:04:38.684637457 [E:onnxruntime:Default, env.cc:254 ThreadMain] pthread_setaffinity_np failed for thread: 13260, index: 17, mask: {18, 42, }, error code: 22 error msg: Invalid argument. Specify the number of threads explicitly so the affinity is not set.[m
[1;31m2024-05-02 09:13:01.337749104 [E:onnxruntime:Default, env.cc:254 ThreadMain] pthread_setaffinity_np failed for thread: 31485, index: 1, mask: {2, 26, }, error code: 22 error msg: Invalid argument. Specify the number of threads explicitly so the affinity is not set.[m
[1;31m2024-05-02 09:13:01.337750333 [E:onnxruntime:Default, env.cc:254 ThreadMain] pthread_setaffinity_np failed for thread: 31484, index: 0, mask: {1, 25, }, error code: 22 error msg: Invalid argument. Specify the number of threads explicitly so the affinity is not set.[m
[1;31m2024-05-02 09:13:01.337828726 [E:onnxruntime:Default, env.cc:254 ThreadMain] pthread_setaffinity_np failed for thread: 31495, index: 11, mask: {12, 36, }, error code: 22 error msg: Invalid argument. Specify the number of threads explicitly so the affinity is not set.[m
[1;31m2024-05-02 09:13:01.337790644 [E:onnxruntime:Default, env.cc:254 ThreadMain] pthread_setaffinity_np failed for thread: 31491, index: 7, mask: {8, 32, }, error code: 22 error msg: Invalid argument. Specify the number of threads explicitly so the affinity is not set.[m
[1;31m2024-05-02 09:13:01.337842643 [E:onnxruntime:Default, env.cc:254 ThreadMain] pthread_setaffinity_np failed for thread: 31496, index: 12, mask: {13, 37, }, error code: 22 error msg: Invalid argument. Specify the number of threads explicitly so the affinity is not set.[m
[1;31m2024-05-02 09:13:01.337794414 [E:onnxruntime:Default, env.cc:254 ThreadMain] pthread_setaffinity_np failed for thread: 31492, index: 8, mask: {9, 33, }, error code: 22 error msg: Invalid argument. Specify the number of threads explicitly so the affinity is not set.[m
[1;31m2024-05-02 09:13:01.337786489 [E:onnxruntime:Default, env.cc:254 ThreadMain] pthread_setaffinity_np failed for thread: 31486, index: 2, mask: {3, 27, }, error code: 22 error msg: Invalid argument. Specify the number of threads explicitly so the affinity is not set.[m
[1;31m2024-05-02 09:13:01.337859455 [E:onnxruntime:Default, env.cc:254 ThreadMain] pthread_setaffinity_np failed for thread: 31494, index: 10, mask: {11, 35, }, error code: 22 error msg: Invalid argument. Specify the number of threads explicitly so the affinity is not set.[m
[1;31m2024-05-02 09:13:01.337894446 [E:onnxruntime:Default, env.cc:254 ThreadMain] pthread_setaffinity_np failed for thread: 31500, index: 16, mask: {17, 41, }, error code: 22 error msg: Invalid argument. Specify the number of threads explicitly so the affinity is not set.[m
[1;31m2024-05-02 09:13:01.337786499 [E:onnxruntime:Default, env.cc:254 ThreadMain] pthread_setaffinity_np failed for thread: 31487, index: 3, mask: {4, 28, }, error code: 22 error msg: Invalid argument. Specify the number of threads explicitly so the affinity is not set.[m
[1;31m2024-05-02 09:13:01.346645453 [E:onnxruntime:Default, env.cc:254 ThreadMain] pthread_setaffinity_np failed for thread: 31504, index: 20, mask: {21, 45, }, error code: 22 error msg: Invalid argument. Specify the number of threads explicitly so the affinity is not set.[m
[1;31m2024-05-02 09:13:01.355644348 [E:onnxruntime:Default, env.cc:254 ThreadMain] pthread_setaffinity_np failed for thread: 31505, index: 21, mask: {22, 46, }, error code: 22 error msg: Invalid argument. Specify the number of threads explicitly so the affinity is not set.[m
[1;31m2024-05-02 09:13:01.358151863 [E:onnxruntime:Default, env.cc:254 ThreadMain] pthread_setaffinity_np failed for thread: 31502, index: 18, mask: {19, 43, }, error code: 22 error msg: Invalid argument. Specify the number of threads explicitly so the affinity is not set.[m
[1;31m2024-05-02 09:13:01.358635466 [E:onnxruntime:Default, env.cc:254 ThreadMain] pthread_setaffinity_np failed for thread: 31498, index: 14, mask: {15, 39, }, error code: 22 error msg: Invalid argument. Specify the number of threads explicitly so the affinity is not set.[m
[1;31m2024-05-02 09:13:01.355644334 [E:onnxruntime:Default, env.cc:254 ThreadMain] pthread_setaffinity_np failed for thread: 31503, index: 19, mask: {20, 44, }, error code: 22 error msg: Invalid argument. Specify the number of threads explicitly so the affinity is not set.[m
[1;31m2024-05-02 09:13:01.365790539 [E:onnxruntime:Default, env.cc:254 ThreadMain] pthread_setaffinity_np failed for thread: 31506, index: 22, mask: {23, 47, }, error code: 22 error msg: Invalid argument. Specify the number of threads explicitly so the affinity is not set.[m
[1;31m2024-05-02 09:13:01.367637757 [E:onnxruntime:Default, env.cc:254 ThreadMain] pthread_setaffinity_np failed for thread: 31501, index: 17, mask: {18, 42, }, error code: 22 error msg: Invalid argument. Specify the number of threads explicitly so the affinity is not set.[m
[1;31m2024-05-02 09:13:01.367793137 [E:onnxruntime:Default, env.cc:254 ThreadMain] pthread_setaffinity_np failed for thread: 31497, index: 13, mask: {14, 38, }, error code: 22 error msg: Invalid argument. Specify the number of threads explicitly so the affinity is not set.[m
[1;31m2024-05-02 09:13:01.373630872 [E:onnxruntime:Default, env.cc:254 ThreadMain] pthread_setaffinity_np failed for thread: 31499, index: 15, mask: {16, 40, }, error code: 22 error msg: Invalid argument. Specify the number of threads explicitly so the affinity is not set.[m
[jupytext] Reading cellnet.py in format py
[jupytext] Setting kernel python3
[jupytext] Updating notebook metadata with '{"kernelspec": {"name": "python3", "language": "python", "display_name": "Python 3 (ipykernel)"}}'
[jupytext] Executing notebook with kernel python3
Traceback (most recent call last):
  File "/gpfs/space/home/eckhardt/.micromamba/envs/cellnet/bin/jupytext", line 10, in <module>
    sys.exit(jupytext())
             ^^^^^^^^^^
  File "/gpfs/space/home/eckhardt/.micromamba/envs/cellnet/lib/python3.12/site-packages/jupytext/cli.py", line 497, in jupytext
    exit_code += jupytext_single_file(nb_file, args, log)
                 ^^^^^^^^^^^^^^^^^^^^^^^^^^^^^^^^^^^^^^^^
  File "/gpfs/space/home/eckhardt/.micromamba/envs/cellnet/lib/python3.12/site-packages/jupytext/cli.py", line 723, in jupytext_single_file
    exec_proc.preprocess(notebook, resources=resources)
  File "/gpfs/space/home/eckhardt/.micromamba/envs/cellnet/lib/python3.12/site-packages/nbconvert/preprocessors/execute.py", line 102, in preprocess
    self.preprocess_cell(cell, resources, index)
  File "/gpfs/space/home/eckhardt/.micromamba/envs/cellnet/lib/python3.12/site-packages/nbconvert/preprocessors/execute.py", line 123, in preprocess_cell
    cell = self.execute_cell(cell, index, store_history=True)
           ^^^^^^^^^^^^^^^^^^^^^^^^^^^^^^^^^^^^^^^^^^^^^^^^^^
  File "/gpfs/space/home/eckhardt/.micromamba/envs/cellnet/lib/python3.12/site-packages/jupyter_core/utils/__init__.py", line 165, in wrapped
    return loop.run_until_complete(inner)
           ^^^^^^^^^^^^^^^^^^^^^^^^^^^^^^
  File "/gpfs/space/home/eckhardt/.micromamba/envs/cellnet/lib/python3.12/asyncio/base_events.py", line 687, in run_until_complete
    return future.result()
           ^^^^^^^^^^^^^^^
  File "/gpfs/space/home/eckhardt/.micromamba/envs/cellnet/lib/python3.12/site-packages/nbclient/client.py", line 1062, in async_execute_cell
    await self._check_raise_for_error(cell, cell_index, exec_reply)
  File "/gpfs/space/home/eckhardt/.micromamba/envs/cellnet/lib/python3.12/site-packages/nbclient/client.py", line 918, in _check_raise_for_error
    raise CellExecutionError.from_cell_and_msg(cell, exec_reply_content)
nbclient.exceptions.CellExecutionError: An error occurred while executing the following cell:
------------------

def plot_predictions():
  for mi, m in enumerate(results.m.dropna()):
    m.eval()
    loader = mkLoader([1,2,4], 1, transforms=testaugs)

    def do(m, batch, ax=None):
      y = m(batch['image'].to(device))
      B = batch['image'], batch['masks'][0], y, batch['keypoints'] # keypoints2heatmap(**batch)
      
      for x,m,y,k in zip(*[cpu(v) for v in B]):
        ax.set_title(f'model {mi}')
        ax = plot.image(x, ax=ax)
        plot.heatmap(y, ax=ax, alpha=lambda x: x, color='#ff0000')
        plot.heatmap(m/1, ax=ax, alpha=lambda x: 0.15*x, color='#0000ff')
        
        ny = yunnorm(y).sum().item()
        nz = len(k)
        print(mi, ': ', nz, '/', ny, f"{int(100 - 100*abs(ny-nz)/nz)}%")

    for i in [1,2,4]:
      do(m, next(iter(loader)))

plot_predictions()
------------------

----- stderr -----
[1;31m2024-05-02 09:13:01.337749104 [E:onnxruntime:Default, env.cc:254 ThreadMain] pthread_setaffinity_np failed for thread: 31485, index: 1, mask: {2, 26, }, error code: 22 error msg: Invalid argument. Specify the number of threads explicitly so the affinity is not set.[m
[1;31m2024-05-02 09:13:01.337750333 [E:onnxruntime:Default, env.cc:254 ThreadMain] pthread_setaffinity_np failed for thread: 31484, index: 0, mask: {1, 25, }, error code: 22 error msg: Invalid argument. Specify the number of threads explicitly so the affinity is not set.[m
[1;31m2024-05-02 09:13:01.337828726 [E:onnxruntime:Default, env.cc:254 ThreadMain] pthread_setaffinity_np failed for thread: 31495, index: 11, mask: {12, 36, }, error code: 22 error msg: Invalid argument. Specify the number of threads explicitly so the affinity is not set.[m
[1;31m2024-05-02 09:13:01.337790644 [E:onnxruntime:Default, env.cc:254 ThreadMain] pthread_setaffinity_np failed for thread: 31491, index: 7, mask: {8, 32, }, error code: 22 error msg: Invalid argument. Specify the number of threads explicitly so the affinity is not set.[m
[1;31m2024-05-02 09:13:01.337842643 [E:onnxruntime:Default, env.cc:254 ThreadMain] pthread_setaffinity_np failed for thread: 31496, index: 12, mask: {13, 37, }, error code: 22 error msg: Invalid argument. Specify the number of threads explicitly so the affinity is not set.[m
[1;31m2024-05-02 09:13:01.337794414 [E:onnxruntime:Default, env.cc:254 ThreadMain] pthread_setaffinity_np failed for thread: 31492, index: 8, mask: {9, 33, }, error code: 22 error msg: Invalid argument. Specify the number of threads explicitly so the affinity is not set.[m
[1;31m2024-05-02 09:13:01.337786489 [E:onnxruntime:Default, env.cc:254 ThreadMain] pthread_setaffinity_np failed for thread: 31486, index: 2, mask: {3, 27, }, error code: 22 error msg: Invalid argument. Specify the number of threads explicitly so the affinity is not set.[m
[1;31m2024-05-02 09:13:01.337859455 [E:onnxruntime:Default, env.cc:254 ThreadMain] pthread_setaffinity_np failed for thread: 31494, index: 10, mask: {11, 35, }, error code: 22 error msg: Invalid argument. Specify the number of threads explicitly so the affinity is not set.[m
[1;31m2024-05-02 09:13:01.337894446 [E:onnxruntime:Default, env.cc:254 ThreadMain] pthread_setaffinity_np failed for thread: 31500, index: 16, mask: {17, 41, }, error code: 22 error msg: Invalid argument. Specify the number of threads explicitly so the affinity is not set.[m
[1;31m2024-05-02 09:13:01.337786499 [E:onnxruntime:Default, env.cc:254 ThreadMain] pthread_setaffinity_np failed for thread: 31487, index: 3, mask: {4, 28, }, error code: 22 error msg: Invalid argument. Specify the number of threads explicitly so the affinity is not set.[m
[1;31m2024-05-02 09:13:01.346645453 [E:onnxruntime:Default, env.cc:254 ThreadMain] pthread_setaffinity_np failed for thread: 31504, index: 20, mask: {21, 45, }, error code: 22 error msg: Invalid argument. Specify the number of threads explicitly so the affinity is not set.[m
[1;31m2024-05-02 09:13:01.355644348 [E:onnxruntime:Default, env.cc:254 ThreadMain] pthread_setaffinity_np failed for thread: 31505, index: 21, mask: {22, 46, }, error code: 22 error msg: Invalid argument. Specify the number of threads explicitly so the affinity is not set.[m
[1;31m2024-05-02 09:13:01.358151863 [E:onnxruntime:Default, env.cc:254 ThreadMain] pthread_setaffinity_np failed for thread: 31502, index: 18, mask: {19, 43, }, error code: 22 error msg: Invalid argument. Specify the number of threads explicitly so the affinity is not set.[m
[1;31m2024-05-02 09:13:01.358635466 [E:onnxruntime:Default, env.cc:254 ThreadMain] pthread_setaffinity_np failed for thread: 31498, index: 14, mask: {15, 39, }, error code: 22 error msg: Invalid argument. Specify the number of threads explicitly so the affinity is not set.[m
[1;31m2024-05-02 09:13:01.355644334 [E:onnxruntime:Default, env.cc:254 ThreadMain] pthread_setaffinity_np failed for thread: 31503, index: 19, mask: {20, 44, }, error code: 22 error msg: Invalid argument. Specify the number of threads explicitly so the affinity is not set.[m
[1;31m2024-05-02 09:13:01.365790539 [E:onnxruntime:Default, env.cc:254 ThreadMain] pthread_setaffinity_np failed for thread: 31506, index: 22, mask: {23, 47, }, error code: 22 error msg: Invalid argument. Specify the number of threads explicitly so the affinity is not set.[m
[1;31m2024-05-02 09:13:01.367637757 [E:onnxruntime:Default, env.cc:254 ThreadMain] pthread_setaffinity_np failed for thread: 31501, index: 17, mask: {18, 42, }, error code: 22 error msg: Invalid argument. Specify the number of threads explicitly so the affinity is not set.[m
[1;31m2024-05-02 09:13:01.367793137 [E:onnxruntime:Default, env.cc:254 ThreadMain] pthread_setaffinity_np failed for thread: 31497, index: 13, mask: {14, 38, }, error code: 22 error msg: Invalid argument. Specify the number of threads explicitly so the affinity is not set.[m
[1;31m2024-05-02 09:13:01.373630872 [E:onnxruntime:Default, env.cc:254 ThreadMain] pthread_setaffinity_np failed for thread: 31499, index: 15, mask: {16, 40, }, error code: 22 error msg: Invalid argument. Specify the number of threads explicitly so the affinity is not set.[m
----- stderr -----
/gpfs/space/home/eckhardt/.micromamba/envs/cellnet/lib/python3.12/site-packages/torch/utils/data/dataloader.py:557: UserWarning: This DataLoader will create 48 worker processes in total. Our suggested max number of worker in current system is 8, which is smaller than what this DataLoader is going to create. Please be aware that excessive worker creation might get DataLoader running slow or even freeze, lower the worker number to avoid potential slowness/freeze if necessary.
  warnings.warn(_create_warning_msg(
------------------

[0;31m---------------------------------------------------------------------------[0m
[0;31mAttributeError[0m                            Traceback (most recent call last)
Cell [0;32mIn[7], line 23[0m
[1;32m     20[0m     [38;5;28;01mfor[39;00m i [38;5;129;01min[39;00m [[38;5;241m1[39m,[38;5;241m2[39m,[38;5;241m4[39m]:
[1;32m     21[0m       do(m, [38;5;28mnext[39m([38;5;28miter[39m(loader)))
[0;32m---> 23[0m [43mplot_predictions[49m[43m([49m[43m)[49m

Cell [0;32mIn[7], line 21[0m, in [0;36mplot_predictions[0;34m()[0m
[1;32m     18[0m     [38;5;28mprint[39m(mi, [38;5;124m'[39m[38;5;124m: [39m[38;5;124m'[39m, nz, [38;5;124m'[39m[38;5;124m/[39m[38;5;124m'[39m, ny, [38;5;124mf[39m[38;5;124m"[39m[38;5;132;01m{[39;00m[38;5;28mint[39m([38;5;241m100[39m[38;5;250m [39m[38;5;241m-[39m[38;5;250m [39m[38;5;241m100[39m[38;5;241m*[39m[38;5;28mabs[39m(ny[38;5;241m-[39mnz)[38;5;241m/[39mnz)[38;5;132;01m}[39;00m[38;5;124m%[39m[38;5;124m"[39m)
[1;32m     20[0m [38;5;28;01mfor[39;00m i [38;5;129;01min[39;00m [[38;5;241m1[39m,[38;5;241m2[39m,[38;5;241m4[39m]:
[0;32m---> 21[0m   [43mdo[49m[43m([49m[43mm[49m[43m,[49m[43m [49m[38;5;28;43mnext[39;49m[43m([49m[38;5;28;43miter[39;49m[43m([49m[43mloader[49m[43m)[49m[43m)[49m[43m)[49m

Cell [0;32mIn[7], line 11[0m, in [0;36mplot_predictions.<locals>.do[0;34m(m, batch, ax)[0m
[1;32m      8[0m B [38;5;241m=[39m batch[[38;5;124m'[39m[38;5;124mimage[39m[38;5;124m'[39m], batch[[38;5;124m'[39m[38;5;124mmasks[39m[38;5;124m'[39m][[38;5;241m0[39m], y, batch[[38;5;124m'[39m[38;5;124mkeypoints[39m[38;5;124m'[39m] [38;5;66;03m# keypoints2heatmap(**batch)[39;00m
[1;32m     10[0m [38;5;28;01mfor[39;00m x,m,y,k [38;5;129;01min[39;00m [38;5;28mzip[39m([38;5;241m*[39m[cpu(v) [38;5;28;01mfor[39;00m v [38;5;129;01min[39;00m B]):
[0;32m---> 11[0m   [43max[49m[38;5;241;43m.[39;49m[43mset_title[49m([38;5;124mf[39m[38;5;124m'[39m[38;5;124mmodel [39m[38;5;132;01m{[39;00mmi[38;5;132;01m}[39;00m[38;5;124m'[39m)
[1;32m     12[0m   ax [38;5;241m=[39m plot[38;5;241m.[39mimage(x, ax[38;5;241m=[39max)
[1;32m     13[0m   plot[38;5;241m.[39mheatmap(y, ax[38;5;241m=[39max, alpha[38;5;241m=[39m[38;5;28;01mlambda[39;00m x: x, color[38;5;241m=[39m[38;5;124m'[39m[38;5;124m#ff0000[39m[38;5;124m'[39m)

[0;31mAttributeError[0m: 'NoneType' object has no attribute 'set_title'


> Notebook execution time (hhmmss) 001128
mv: cannot stat ‘./28618a538.ipynb’: No such file or directory
> Saved to ./results/./cellnet/240502-090148-001128.ipynb
